<?xml version="1.0" encoding="UTF-8"?>
<!-- Generated by org.testng.reporters.JUnitReportReporter -->
<testsuite hostname="DESKTOP-I6CGFP6" failures="0" tests="1" name="testpkg.Razortest" time="71.227" errors="0" timestamp="2024-04-06T14:00:24 IST" skipped="0">
  <testcase classname="testpkg.Razortest" name="test" time="71.227"/>
  <system-out/>
</testsuite> <!-- testpkg.Razortest -->
